<?xml version="1.0" encoding="UTF-8"?>
<testng-results ignored="0" total="1" passed="1" failed="0" skipped="0">
  <reporter-output>
  </reporter-output>
  <suite started-at="2022-11-13T11:36:33 IST" name="MovieDataExtractor" finished-at="2022-11-13T11:36:48 IST" duration-ms="14393">
    <groups>
    </groups>
    <test started-at="2022-11-13T11:36:33 IST" name="MovieInfoValidation Test" finished-at="2022-11-13T11:36:48 IST" duration-ms="14393">
      <class name="testCases.MovieInfoValidation">
        <test-method is-config="true" signature="setUp(java.lang.String)[pri:0, instance:testCases.MovieInfoValidation@10e41621]" started-at="2022-11-13T11:36:33 IST" name="setUp" finished-at="2022-11-13T11:36:35 IST" duration-ms="1568" status="PASS">
          <params>
            <param index="0">
              <value>
                <![CDATA[chrome]]>
              </value>
            </param>
          </params>
          <reporter-output>
          </reporter-output>
        </test-method> <!-- setUp -->
        <test-method signature="validateMovieInfo(java.lang.String)[pri:0, instance:testCases.MovieInfoValidation@10e41621]" started-at="2022-11-13T11:36:35 IST" name="validateMovieInfo" finished-at="2022-11-13T11:36:47 IST" duration-ms="12613" status="PASS">
          <params>
            <param index="0">
              <value>
                <![CDATA[Pushpa: The Rise]]>
              </value>
            </param>
          </params>
          <reporter-output>
          </reporter-output>
        </test-method> <!-- validateMovieInfo -->
        <test-method is-config="true" signature="tearDown()[pri:0, instance:testCases.MovieInfoValidation@10e41621]" started-at="2022-11-13T11:36:47 IST" name="tearDown" finished-at="2022-11-13T11:36:48 IST" duration-ms="179" status="PASS">
          <reporter-output>
          </reporter-output>
        </test-method> <!-- tearDown -->
      </class> <!-- testCases.MovieInfoValidation -->
    </test> <!-- MovieInfoValidation Test -->
  </suite> <!-- MovieDataExtractor -->
</testng-results>
